{"level":"info","message":"Request from ::1"}
{"level":"info","message":"Get all HelpTickets"}
{"level":"info","message":"Request from ::1"}
{"level":"info","message":"Get all users"}
{"level":"info","message":"Request from ::1"}
{"level":"info","message":"Get all users"}
{"level":"info","message":"Request from ::1"}
{"level":"info","message":"Request from ::1"}
{"level":"info","message":"Get all users"}
{"level":"info","message":"Request from ::1"}
{"level":"info","message":"Creating user"}
{"level":"info","message":"Request from ::1"}
{"level":"info","message":"Get all users"}
{"level":"info","message":"Request from ::1"}
{"level":"info","message":"Get all HelpTickets"}
{"level":"info","message":"Request from ::1"}
{"level":"info","message":"Request from ::1"}
{"level":"info","message":"Get all users"}
{"level":"info","message":"Request from ::1"}
{"level":"info","message":"Get all HelpTickets"}
{"level":"info","message":"Request from ::1"}
{"level":"info","message":"Get all HelpTickets"}
{"level":"info","message":"Request from ::1"}
{"level":"info","message":"Get all HelpTickets"}
{"level":"info","message":"Request from ::1"}
{"level":"info","message":"Creating HelpTicket"}
{"level":"info","message":"Request from ::1"}
{"level":"info","message":"Get all HelpTickets"}
{"level":"info","message":"Request from ::1"}
{"level":"info","message":"Get all HelpTickets"}
{"level":"info","message":"Request from ::1"}
{"level":"info","message":"Get all HelpTickets"}
{"level":"info","message":"Request from ::1"}
{"level":"info","message":"Get all HelpTickets"}
{"level":"info","message":"Request from ::1"}
{"level":"info","message":"Get all HelpTickets"}
{"level":"info","message":"Request from ::1"}
{"level":"info","message":"Getting a HelpTickets content "}
{"level":"info","message":"Request from ::1"}
{"level":"info","message":"Get all HelpTickets"}
{"level":"info","message":"Request from ::1"}
{"level":"info","message":"Getting a HelpTickets content "}
{"level":"info","message":"Request from ::1"}
{"level":"info","message":"Getting a HelpTickets content "}
{"level":"info","message":"Loading Mongoose functionality"}
{"level":"info","message":"Starting application"}
{"level":"info","message":"HTTP Server listening on port: %d, in %s mode"}
{"level":"info","message":"Mongoose connected to the database"}
{"level":"info","message":"Request from ::1"}
{"level":"info","message":"Updating HelpTicket"}
{"level":"info","message":"Request from ::1"}
{"level":"info","message":"Get all HelpTickets"}
{"level":"info","message":"Loading Mongoose functionality"}
{"level":"info","message":"Starting application"}
{"level":"info","message":"HTTP Server listening on port: %d, in %s mode"}
{"level":"info","message":"Mongoose connected to the database"}
{"level":"info","message":"Request from ::1"}
{"level":"info","message":"Getting a HelpTickets content "}
{"level":"info","message":"Request from ::1"}
{"level":"info","message":"Updating HelpTicket"}
{"level":"info","message":"Request from ::1"}
{"level":"info","message":"Get all HelpTickets"}
{"level":"info","message":"Request from ::1"}
{"level":"info","message":"Getting a HelpTickets content "}
{"level":"info","message":"Request from ::1"}
{"level":"info","message":"Getting a HelpTickets content "}
{"level":"info","message":"Request from ::1"}
{"level":"info","message":"Get all HelpTickets"}
{"level":"info","message":"Request from ::1"}
{"level":"info","message":"Getting a HelpTickets content "}
{"level":"info","message":"Request from ::1"}
{"level":"info","message":"Get all HelpTickets"}
{"level":"info","message":"Request from ::1"}
{"level":"info","message":"Getting a HelpTickets content "}
{"level":"info","message":"Loading Mongoose functionality"}
{"level":"info","message":"Starting application"}
{"level":"info","message":"HTTP Server listening on port: %d, in %s mode"}
{"level":"info","message":"Mongoose connected to the database"}
{"level":"info","message":"Request from ::1"}
{"level":"info","message":"Request from ::1"}
{"level":"info","message":"Request from ::1"}
{"level":"info","message":"Request from ::1"}
{"level":"info","message":"Request from ::1"}
{"level":"info","message":"Request from ::1"}
{"level":"info","message":"Request from ::1"}
{"level":"info","message":"Request from ::1"}
{"level":"info","message":"Request from ::1"}
{"level":"info","message":"Request from ::1"}
{"level":"info","message":"Request from ::1"}
{"level":"info","message":"Request from ::1"}
{"level":"info","message":"Request from ::1"}
